TN:
SF:src/Scenario.sol
FN:24,Scenario.
FNDA:0,Scenario.
FN:29,Scenario.initialize
FNDA:0,Scenario.initialize
DA:30,0
DA:30,0
BRDA:30,0,0,-
BRDA:30,0,1,-
DA:31,0
DA:31,0
DA:32,0
DA:32,0
DA:33,0
DA:33,0
DA:34,0
DA:34,0
DA:36,0
DA:36,0
DA:36,0
DA:36,0
DA:37,0
DA:37,0
FN:46,Scenario.setAdmin
FNDA:0,Scenario.setAdmin
DA:47,0
DA:47,0
FN:50,Scenario.setMetadataURI
FNDA:0,Scenario.setMetadataURI
DA:51,0
DA:51,0
FN:58,Scenario.onlyAdmin
FNDA:0,Scenario.onlyAdmin
DA:59,0
DA:59,0
BRDA:59,1,0,-
BRDA:59,1,1,-
FN:63,Scenario.getEntity
FNDA:0,Scenario.getEntity
DA:66,0
DA:66,0
FN:69,Scenario.getAdmin
FNDA:0,Scenario.getAdmin
DA:70,0
DA:70,0
FNF:7
FNH:0
LF:12
LH:0
BRF:4
BRH:0
end_of_record
TN:
SF:src/ScenarioFactory.sol
FN:20,ScenarioFactory.
FNDA:0,ScenarioFactory.
DA:21,0
DA:21,0
FN:30,ScenarioFactory.createScenario
FNDA:0,ScenarioFactory.createScenario
DA:34,0
DA:34,0
DA:34,0
DA:36,0
DA:36,0
DA:39,0
DA:39,0
DA:39,0
DA:43,0
DA:43,0
DA:43,0
DA:45,0
DA:45,0
DA:47,0
DA:47,0
DA:49,0
DA:49,0
DA:49,0
FN:54,ScenarioFactory.getActivePlayerScenarios
FNDA:0,ScenarioFactory.getActivePlayerScenarios
DA:59,0
DA:59,0
DA:60,0
DA:60,0
DA:63,0
DA:63,0
DA:63,0
DA:63,0
DA:64,0
BRDA:64,0,0,-
BRDA:64,0,1,-
DA:65,0
DA:65,0
DA:72,0
DA:72,0
DA:72,0
DA:73,0
DA:73,0
DA:74,0
DA:74,0
DA:77,0
DA:77,0
DA:77,0
DA:77,0
DA:78,0
BRDA:78,1,0,-
BRDA:78,1,1,-
DA:79,0
DA:79,0
DA:80,0
DA:80,0
DA:83,0
DA:83,0
FN:93,ScenarioFactory.getAllScenarioData
FNDA:0,ScenarioFactory.getAllScenarioData
DA:94,0
DA:94,0
DA:94,0
DA:96,0
DA:96,0
DA:96,0
DA:96,0
DA:97,0
DA:97,0
DA:97,0
DA:99,0
DA:99,0
DA:106,0
DA:106,0
FNF:4
FNH:0
LF:26
LH:0
BRF:4
BRH:0
end_of_record
TN:
SF:src/entities/JobEntity.sol
FN:35,JobEntity.
FNDA:0,JobEntity.
FN:39,JobEntity.initialize
FNDA:0,JobEntity.initialize
DA:40,0
DA:40,0
BRDA:40,0,0,-
BRDA:40,0,1,-
DA:41,0
DA:41,0
DA:42,0
DA:42,0
DA:43,0
DA:43,0
FN:46,JobEntity.getAvailableJobs
FNDA:0,JobEntity.getAvailableJobs
DA:47,0
DA:47,0
FN:50,JobEntity.getActiveJob
FNDA:0,JobEntity.getActiveJob
DA:53,0
DA:53,0
FN:56,JobEntity.activateJob
FNDA:0,JobEntity.activateJob
DA:58,0
DA:58,0
DA:58,0
DA:58,0
DA:58,0
BRDA:58,1,0,-
BRDA:58,1,1,-
DA:60,0
DA:60,0
DA:62,0
DA:62,0
BRDA:62,2,0,-
BRDA:62,2,1,-
DA:64,0
DA:64,0
DA:67,0
DA:67,0
FN:74,JobEntity.getJob
FNDA:0,JobEntity.getJob
DA:75,0
DA:75,0
FN:78,JobEntity.endJob
FNDA:0,JobEntity.endJob
DA:79,0
DA:79,0
DA:79,0
DA:79,0
DA:79,0
BRDA:79,3,0,-
BRDA:79,3,1,-
DA:80,0
DA:80,0
DA:82,0
DA:82,0
DA:83,0
DA:83,0
BRDA:83,4,0,-
BRDA:83,4,1,-
DA:84,0
DA:84,0
DA:87,0
DA:87,0
FN:90,JobEntity.addJob
FNDA:0,JobEntity.addJob
DA:102,0
DA:102,0
DA:102,0
DA:102,0
DA:102,0
BRDA:102,5,0,-
BRDA:102,5,1,-
DA:103,0
DA:103,0
DA:106,0
DA:106,0
DA:106,0
DA:118,0
DA:118,0
DA:119,0
DA:119,0
FNF:8
FNH:0
LF:23
LH:0
BRF:12
BRH:0
end_of_record
TN:
SF:src/entities/PlanetStatsEntity.sol
FN:28,PlanetStatsEntity.
FNDA:0,PlanetStatsEntity.
FN:32,PlanetStatsEntity.initialize
FNDA:8,PlanetStatsEntity.initialize
DA:33,8
DA:33,8
BRDA:33,0,0,-
BRDA:33,0,1,8
DA:34,8
DA:34,8
DA:35,8
DA:35,8
DA:36,8
DA:36,8
FN:39,PlanetStatsEntity.setStatSetRarityOdds
FNDA:1,PlanetStatsEntity.setStatSetRarityOdds
DA:40,1
DA:40,1
DA:40,1
BRDA:40,1,0,-
BRDA:40,1,1,1
DA:41,0
DA:41,0
DA:43,1
DA:43,1
FN:46,PlanetStatsEntity.createGatchaStatSet
FNDA:1,PlanetStatsEntity.createGatchaStatSet
DA:53,1
DA:53,1
DA:53,1
BRDA:53,2,0,-
BRDA:53,2,1,1
DA:54,0
DA:54,0
DA:56,1
DA:56,1
BRDA:56,3,0,-
BRDA:56,3,1,1
DA:57,0
DA:57,0
DA:59,1
DA:59,1
DA:60,1
DA:60,1
DA:61,1
DA:61,1
DA:62,1
DA:62,1
DA:64,1
DA:64,1
FN:67,PlanetStatsEntity.createStatSet
FNDA:1,PlanetStatsEntity.createStatSet
DA:73,1
DA:73,1
DA:73,1
BRDA:73,4,0,-
BRDA:73,4,1,1
DA:74,0
DA:74,0
DA:76,1
DA:76,1
DA:77,1
DA:77,1
DA:78,1
DA:78,1
DA:80,1
DA:80,1
FN:83,PlanetStatsEntity.getStatSetNames
FNDA:1,PlanetStatsEntity.getStatSetNames
DA:84,1
DA:84,1
FN:87,PlanetStatsEntity.getAvailablePoints
FNDA:1,PlanetStatsEntity.getAvailablePoints
DA:90,1
DA:90,1
FN:93,PlanetStatsEntity.getStartingPoints
FNDA:4,PlanetStatsEntity.getStartingPoints
DA:96,4
DA:96,4
FN:99,PlanetStatsEntity.getStatSetPointNames
FNDA:0,PlanetStatsEntity.getStatSetPointNames
DA:102,0
DA:102,0
FN:105,PlanetStatsEntity.getStatSetMaxValues
FNDA:0,PlanetStatsEntity.getStatSetMaxValues
DA:108,0
DA:108,0
FN:111,PlanetStatsEntity.setStatSet
FNDA:6,PlanetStatsEntity.setStatSet
DA:116,6
DA:116,6
DA:116,6
DA:116,6
DA:116,3
BRDA:116,5,0,-
BRDA:116,5,1,6
DA:117,0
DA:117,0
DA:119,6
DA:119,6
FN:122,PlanetStatsEntity.getStatSetRarityOdds
FNDA:1,PlanetStatsEntity.getStatSetRarityOdds
DA:123,1
DA:123,1
FN:126,PlanetStatsEntity.getStatSet
FNDA:2,PlanetStatsEntity.getStatSet
DA:130,2
DA:130,2
FN:133,PlanetStatsEntity.checkSkill
FNDA:2,PlanetStatsEntity.checkSkill
DA:139,2
DA:139,2
DA:139,2
DA:139,2
DA:139,2
BRDA:139,6,0,-
BRDA:139,6,1,2
DA:140,0
DA:140,0
DA:143,2
DA:143,2
DA:147,2
DA:147,2
DA:147,2
FN:150,PlanetStatsEntity.boostSkill
FNDA:1,PlanetStatsEntity.boostSkill
DA:156,1
DA:156,1
DA:156,1
DA:156,1
DA:156,1
BRDA:156,7,0,-
BRDA:156,7,1,1
DA:158,0
DA:158,0
DA:166,1
DA:166,1
FNF:15
FNH:12
LF:39
LH:30
BRF:16
BRH:8
end_of_record
TN:
SF:src/entities/SupplyEntity.sol
FN:14,SupplyEntity.
FNDA:0,SupplyEntity.
FN:18,SupplyEntity.initialize
FNDA:0,SupplyEntity.initialize
DA:19,0
DA:19,0
BRDA:19,0,0,-
BRDA:19,0,1,-
DA:20,0
DA:20,0
DA:21,0
DA:21,0
DA:22,0
DA:22,0
FN:25,SupplyEntity.getTokenNames
FNDA:0,SupplyEntity.getTokenNames
DA:26,0
DA:26,0
FN:29,SupplyEntity.getTokenAddresses
FNDA:0,SupplyEntity.getTokenAddresses
DA:30,0
DA:30,0
FN:33,SupplyEntity.getTokenAddress
FNDA:0,SupplyEntity.getTokenAddress
DA:36,0
DA:36,0
DA:36,0
DA:36,0
DA:38,0
DA:38,0
DA:38,0
DA:39,0
DA:39,0
BRDA:37,1,0,-
BRDA:37,1,1,-
DA:41,0
DA:41,0
DA:44,0
DA:44,0
FN:47,SupplyEntity.getTokenBalances
FNDA:0,SupplyEntity.getTokenBalances
DA:50,0
DA:50,0
DA:50,0
DA:51,0
DA:51,0
DA:51,0
DA:51,0
DA:52,0
DA:52,0
DA:54,0
DA:54,0
FN:74,SupplyEntity.addToken
FNDA:0,SupplyEntity.addToken
DA:76,0
DA:76,0
BRDA:76,2,0,-
BRDA:76,2,1,-
DA:77,0
DA:77,0
DA:81,0
DA:81,0
DA:83,0
DA:83,0
FNF:7
FNH:0
LF:19
LH:0
BRF:6
BRH:0
end_of_record
TN:
SF:src/renderers/FunkRenderer.sol
FN:11,FunkRenderer.
FNDA:0,FunkRenderer.
FN:13,FunkRenderer.generateDefs
FNDA:0,FunkRenderer.generateDefs
DA:16,0
DA:16,0
DA:16,0
DA:19,0
DA:19,0
DA:19,0
DA:20,0
DA:20,0
DA:21,0
DA:21,0
FN:29,FunkRenderer.generateImages
FNDA:0,FunkRenderer.generateImages
DA:33,0
DA:33,0
DA:34,0
DA:34,0
FN:43,FunkRenderer.earlyImage
FNDA:0,FunkRenderer.earlyImage
DA:44,0
DA:44,0
DA:45,0
DA:45,0
FN:48,FunkRenderer.generateRings
FNDA:0,FunkRenderer.generateRings
DA:49,0
DA:49,0
DA:50,0
DA:50,0
DA:51,0
DA:51,0
DA:51,0
DA:51,0
DA:52,0
DA:52,0
DA:54,0
DA:54,0
FN:57,FunkRenderer.generateRing
FNDA:0,FunkRenderer.generateRing
DA:58,0
DA:58,0
DA:58,0
DA:59,0
DA:59,0
DA:59,0
DA:60,0
DA:60,0
DA:60,0
DA:60,0
DA:61,0
DA:61,0
DA:61,0
DA:61,0
DA:63,0
DA:63,0
DA:64,0
DA:64,0
FN:77,FunkRenderer.psuedorandom
FNDA:0,FunkRenderer.psuedorandom
DA:81,0
DA:81,0
DA:81,0
FNF:7
FNH:0
LF:20
LH:0
BRF:0
BRH:0
end_of_record
TN:
SF:src/renderers/PlanetRenderer.sol
FN:11,PlanetRenderer.generateSVG
FNDA:0,PlanetRenderer.generateSVG
DA:12,0
DA:12,0
DA:14,0
DA:14,0
DA:14,0
DA:14,0
DA:15,0
DA:15,0
DA:17,0
DA:17,0
DA:22,0
DA:22,0
DA:22,0
DA:22,0
DA:23,0
DA:23,0
DA:26,0
DA:26,0
DA:26,0
DA:26,0
DA:27,0
DA:27,0
DA:30,0
DA:30,0
DA:32,0
DA:32,0
FN:35,PlanetRenderer.addStepRenderer
FNDA:0,PlanetRenderer.addStepRenderer
DA:36,0
DA:36,0
FNF:2
FNH:0
LF:11
LH:0
BRF:0
BRH:0
end_of_record
TN:
SF:src/renderers/SilhouetteRenderer.sol
FN:11,SilhouetteRenderer.
FNDA:0,SilhouetteRenderer.
FN:13,SilhouetteRenderer.generateDefs
FNDA:0,SilhouetteRenderer.generateDefs
DA:16,0
DA:16,0
DA:16,0
DA:19,0
DA:19,0
DA:19,0
DA:20,0
DA:20,0
DA:21,0
DA:21,0
FN:33,SilhouetteRenderer.generateImages
FNDA:0,SilhouetteRenderer.generateImages
DA:37,0
DA:37,0
DA:38,0
DA:38,0
FN:44,SilhouetteRenderer.earlyImage
FNDA:0,SilhouetteRenderer.earlyImage
DA:45,0
DA:45,0
DA:46,0
DA:46,0
FN:49,SilhouetteRenderer.generateRings
FNDA:0,SilhouetteRenderer.generateRings
DA:50,0
DA:50,0
DA:51,0
DA:51,0
DA:52,0
DA:52,0
DA:52,0
DA:52,0
DA:53,0
DA:53,0
DA:55,0
DA:55,0
FN:58,SilhouetteRenderer.generateRing
FNDA:0,SilhouetteRenderer.generateRing
DA:59,0
DA:59,0
DA:59,0
DA:60,0
DA:60,0
DA:60,0
DA:61,0
DA:61,0
DA:61,0
DA:61,0
DA:62,0
DA:62,0
DA:62,0
DA:62,0
DA:64,0
DA:64,0
DA:65,0
DA:65,0
FN:78,SilhouetteRenderer.psuedorandom
FNDA:0,SilhouetteRenderer.psuedorandom
DA:82,0
DA:82,0
DA:82,0
FNF:7
FNH:0
LF:20
LH:0
BRF:0
BRH:0
end_of_record
TN:
SF:src/renderers/SkyRenderer.sol
FN:11,SkyRenderer.
FNDA:0,SkyRenderer.
FN:13,SkyRenderer.generateDefs
FNDA:0,SkyRenderer.generateDefs
DA:16,0
DA:16,0
DA:16,0
DA:19,0
DA:19,0
DA:19,0
DA:20,0
DA:20,0
DA:21,0
DA:21,0
FN:43,SkyRenderer.generateImages
FNDA:0,SkyRenderer.generateImages
DA:47,0
DA:47,0
DA:48,0
DA:48,0
FN:56,SkyRenderer.earlyImage
FNDA:0,SkyRenderer.earlyImage
DA:57,0
DA:57,0
DA:58,0
DA:58,0
FN:61,SkyRenderer.generateRings
FNDA:0,SkyRenderer.generateRings
DA:62,0
DA:62,0
DA:63,0
DA:63,0
DA:64,0
DA:64,0
DA:64,0
DA:64,0
DA:65,0
DA:65,0
DA:67,0
DA:67,0
FN:70,SkyRenderer.generateRing
FNDA:0,SkyRenderer.generateRing
DA:71,0
DA:71,0
DA:71,0
DA:72,0
DA:72,0
DA:72,0
DA:73,0
DA:73,0
DA:73,0
DA:73,0
DA:74,0
DA:74,0
DA:74,0
DA:74,0
DA:76,0
DA:76,0
DA:77,0
DA:77,0
FN:90,SkyRenderer.psuedorandom
FNDA:0,SkyRenderer.psuedorandom
DA:94,0
DA:94,0
DA:94,0
FNF:7
FNH:0
LF:20
LH:0
BRF:0
BRH:0
end_of_record
TN:
SF:src/renderers/SpaceOrbStepRenderer.sol
FN:11,SpaceOrbStepRenderer.
FNDA:0,SpaceOrbStepRenderer.
FN:13,SpaceOrbStepRenderer.generateDefs
FNDA:0,SpaceOrbStepRenderer.generateDefs
DA:16,0
DA:16,0
DA:16,0
DA:19,0
DA:19,0
DA:19,0
DA:20,0
DA:20,0
DA:21,0
DA:21,0
FN:107,SpaceOrbStepRenderer.generateImages
FNDA:0,SpaceOrbStepRenderer.generateImages
DA:111,0
DA:111,0
DA:112,0
DA:112,0
FN:124,SpaceOrbStepRenderer.earlyImage
FNDA:0,SpaceOrbStepRenderer.earlyImage
DA:125,0
DA:125,0
DA:126,0
DA:126,0
FN:129,SpaceOrbStepRenderer.generateRings
FNDA:0,SpaceOrbStepRenderer.generateRings
DA:130,0
DA:130,0
DA:131,0
DA:131,0
DA:132,0
DA:132,0
DA:132,0
DA:132,0
DA:133,0
DA:133,0
DA:135,0
DA:135,0
FN:138,SpaceOrbStepRenderer.generateRing
FNDA:0,SpaceOrbStepRenderer.generateRing
DA:139,0
DA:139,0
DA:139,0
DA:140,0
DA:140,0
DA:140,0
DA:141,0
DA:141,0
DA:141,0
DA:141,0
DA:142,0
DA:142,0
DA:142,0
DA:142,0
DA:144,0
DA:144,0
DA:145,0
DA:145,0
FN:158,SpaceOrbStepRenderer.psuedorandom
FNDA:0,SpaceOrbStepRenderer.psuedorandom
DA:162,0
DA:162,0
DA:162,0
FNF:7
FNH:0
LF:20
LH:0
BRF:0
BRH:0
end_of_record
TN:
SF:src/scenarios/RegenScenario.sol
FN:18,RegenScenario.
FNDA:0,RegenScenario.
DA:19,0
DA:19,0
DA:20,0
DA:20,0
DA:22,0
DA:22,0
FN:25,RegenScenario.createScenario
FNDA:0,RegenScenario.createScenario
DA:27,0
DA:27,0
DA:27,0
DA:29,0
DA:29,0
DA:29,0
DA:30,0
DA:30,0
DA:30,0
DA:34,0
DA:34,0
DA:35,0
DA:35,0
DA:36,0
DA:36,0
FN:39,RegenScenario.loadJobs
FNDA:0,RegenScenario.loadJobs
DA:40,0
DA:40,0
DA:40,0
DA:44,0
DA:44,0
DA:57,0
DA:57,0
DA:70,0
DA:70,0
DA:83,0
DA:83,0
DA:96,0
DA:96,0
DA:109,0
DA:109,0
DA:123,0
DA:123,0
DA:136,0
DA:136,0
DA:149,0
DA:149,0
FN:163,RegenScenario.loadStats
FNDA:0,RegenScenario.loadStats
DA:167,0
DA:167,0
DA:167,0
DA:171,0
DA:171,0
DA:171,0
DA:172,0
DA:172,0
DA:173,0
DA:173,0
DA:174,0
DA:174,0
DA:175,0
DA:175,0
DA:176,0
DA:176,0
DA:178,0
DA:178,0
DA:178,0
DA:179,0
DA:179,0
DA:180,0
DA:180,0
DA:181,0
DA:181,0
DA:182,0
DA:182,0
DA:183,0
DA:183,0
DA:185,0
DA:185,0
DA:185,0
DA:186,0
DA:186,0
DA:187,0
DA:187,0
DA:188,0
DA:188,0
DA:189,0
DA:189,0
DA:190,0
DA:190,0
DA:191,0
DA:191,0
DA:193,0
DA:193,0
DA:193,0
DA:194,0
DA:194,0
DA:195,0
DA:195,0
DA:196,0
DA:196,0
DA:197,0
DA:197,0
DA:198,0
DA:198,0
DA:199,0
DA:199,0
DA:201,0
DA:201,0
DA:201,0
DA:202,0
DA:202,0
DA:203,0
DA:203,0
DA:204,0
DA:204,0
DA:205,0
DA:205,0
DA:206,0
DA:206,0
DA:207,0
DA:207,0
DA:210,0
DA:210,0
DA:212,0
DA:212,0
DA:220,0
DA:220,0
DA:220,0
DA:221,0
DA:221,0
DA:222,0
DA:222,0
DA:223,0
DA:223,0
DA:225,0
DA:225,0
DA:225,0
DA:226,0
DA:226,0
DA:227,0
DA:227,0
DA:228,0
DA:228,0
DA:230,0
DA:230,0
DA:230,0
DA:231,0
DA:231,0
DA:232,0
DA:232,0
DA:233,0
DA:233,0
DA:235,0
DA:235,0
FN:246,RegenScenario.loadSupply
FNDA:0,RegenScenario.loadSupply
DA:250,0
DA:250,0
DA:250,0
DA:255,0
DA:255,0
DA:255,0
DA:265,0
DA:265,0
DA:265,0
DA:275,0
DA:275,0
DA:275,0
DA:291,0
DA:291,0
DA:295,0
DA:295,0
DA:299,0
DA:299,0
FNF:5
FNH:0
LF:75
LH:0
BRF:0
BRH:0
end_of_record
TN:
SF:src/systems/CombatSystem.sol
FN:16,CombatSystem.registerSystem
FNDA:0,CombatSystem.registerSystem
DA:17,0
BRDA:17,0,0,-
BRDA:17,0,1,-
DA:18,0
DA:18,0
DA:20,0
DA:20,0
DA:21,0
DA:21,0
FN:27,CombatSystem.init
FNDA:0,CombatSystem.init
FN:33,CombatSystem.sync
FNDA:0,CombatSystem.sync
FN:35,CombatSystem.activateEntity
FNDA:0,CombatSystem.activateEntity
DA:38,0
DA:38,0
DA:38,0
FN:41,CombatSystem.getId
FNDA:0,CombatSystem.getId
DA:42,0
DA:42,0
FNF:5
FNH:0
LF:6
LH:0
BRF:2
BRH:0
end_of_record
TN:
SF:src/systems/JobSystem.sol
FN:16,JobSystem.registerSystem
FNDA:0,JobSystem.registerSystem
DA:17,0
BRDA:17,0,0,-
BRDA:17,0,1,-
DA:18,0
DA:18,0
DA:20,0
DA:20,0
DA:21,0
DA:21,0
FN:26,JobSystem.init
FNDA:0,JobSystem.init
FN:32,JobSystem.sync
FNDA:0,JobSystem.sync
FN:34,JobSystem.activateJob
FNDA:0,JobSystem.activateJob
DA:39,0
DA:39,0
DA:39,0
DA:40,0
DA:40,0
DA:40,0
DA:45,0
DA:45,0
BRDA:45,1,0,-
BRDA:45,1,1,-
DA:47,0
DA:47,0
DA:50,0
DA:50,0
FN:54,JobSystem.getAvailableJobs
FNDA:0,JobSystem.getAvailableJobs
DA:58,0
DA:58,0
DA:58,0
DA:59,0
DA:59,0
DA:59,0
DA:60,0
DA:60,0
DA:62,0
DA:62,0
DA:62,0
DA:62,0
DA:63,0
DA:63,0
BRDA:63,2,0,-
BRDA:63,2,1,-
DA:64,0
DA:64,0
DA:68,0
DA:68,0
DA:68,0
DA:69,0
DA:69,0
DA:71,0
DA:71,0
DA:71,0
DA:71,0
DA:72,0
DA:72,0
BRDA:72,3,0,-
BRDA:72,3,1,-
DA:73,0
DA:73,0
DA:74,0
DA:74,0
DA:78,0
DA:78,0
FN:81,JobSystem.canPlayerPerformJob
FNDA:0,JobSystem.canPlayerPerformJob
DA:86,0
DA:86,0
DA:87,0
DA:87,0
FN:97,JobSystem.finishJob
FNDA:0,JobSystem.finishJob
DA:100,0
DA:100,0
DA:100,0
DA:101,0
DA:101,0
DA:101,0
DA:106,0
DA:106,0
BRDA:106,4,0,-
BRDA:106,4,1,-
DA:109,0
DA:109,0
DA:112,0
DA:112,0
DA:112,0
DA:117,0
DA:117,0
DA:117,0
DA:121,0
DA:121,0
DA:121,0
DA:122,0
DA:122,0
DA:122,0
DA:123,0
DA:123,0
BRDA:123,5,0,-
BRDA:123,5,1,-
DA:127,0
DA:127,0
DA:129,0
DA:129,0
BRDA:129,6,0,-
BRDA:129,6,1,-
DA:130,0
DA:130,0
DA:134,0
DA:134,0
DA:143,0
DA:143,0
DA:143,0
DA:146,0
DA:146,0
DA:147,0
DA:147,0
FN:151,JobSystem.activateEntity
FNDA:0,JobSystem.activateEntity
DA:154,0
DA:154,0
DA:154,0
DA:155,0
DA:155,0
DA:155,0
BRDA:155,7,0,-
BRDA:155,7,1,-
DA:156,0
DA:156,0
DA:160,0
DA:160,0
DA:160,0
DA:162,0
DA:162,0
DA:164,0
DA:164,0
DA:164,0
FN:167,JobSystem.getId
FNDA:0,JobSystem.getId
DA:168,0
DA:168,0
FNF:9
FNH:0
LF:47
LH:0
BRF:16
BRH:0
end_of_record
TN:
SF:src/systems/PlanetStatsSystem.sol
FN:16,PlanetStatsSystem.registerSystem
FNDA:3,PlanetStatsSystem.registerSystem
DA:17,3
BRDA:17,0,0,1
BRDA:17,0,1,2
DA:18,1
DA:18,1
DA:20,2
DA:20,2
DA:21,2
DA:21,2
FN:26,PlanetStatsSystem.calculateStatsForMint
FNDA:1,PlanetStatsSystem.calculateStatsForMint
DA:30,1
DA:30,1
DA:30,1
DA:32,1
DA:32,1
DA:32,1
DA:33,1
DA:33,1
DA:33,1
DA:40,1
DA:40,1
DA:40,1
DA:43,1
DA:43,1
DA:43,1
DA:44,1
DA:44,1
DA:44,1
DA:45,1
DA:45,1
DA:47,1
DA:47,1
DA:47,4
DA:47,3
DA:48,4
DA:48,4
DA:48,4
BRDA:48,1,0,1
BRDA:48,1,1,3
DA:49,1
DA:49,1
DA:50,1
DA:50,1
DA:52,3
DA:52,3
DA:56,1
DA:56,1
DA:56,1
DA:57,1
DA:57,1
DA:60,1
DA:60,1
DA:62,1
DA:62,1
DA:62,3
DA:62,2
DA:63,2
DA:63,2
DA:64,2
DA:64,2
DA:65,2
DA:65,2
DA:67,2
DA:67,2
BRDA:67,2,0,1
BRDA:67,2,1,1
DA:70,1
DA:70,1
DA:78,1
DA:78,1
DA:82,2
DA:82,2
FN:86,PlanetStatsSystem.getStartingStatsForGatchaSet
FNDA:1,PlanetStatsSystem.getStartingStatsForGatchaSet
DA:92,1
DA:92,1
DA:94,1
DA:94,1
DA:95,1
DA:95,1
DA:95,1
DA:96,1
DA:96,1
DA:96,4
DA:96,3
DA:97,3
DA:97,3
DA:100,4
DA:100,4
DA:101,3
DA:101,3
DA:102,3
DA:102,3
BRDA:102,3,0,-
BRDA:102,3,1,3
DA:103,3
DA:103,3
DA:104,3
DA:104,3
DA:107,1
DA:107,1
FN:110,PlanetStatsSystem.getStartingStatsForDefaultSet
FNDA:1,PlanetStatsSystem.getStartingStatsForDefaultSet
DA:114,1
DA:114,1
DA:114,1
FN:117,PlanetStatsSystem.getRandom
FNDA:4,PlanetStatsSystem.getRandom
DA:121,4
DA:121,4
DA:121,4
DA:122,4
DA:122,4
DA:123,4
DA:123,4
FN:130,PlanetStatsSystem.init
FNDA:1,PlanetStatsSystem.init
DA:138,1
DA:138,1
FN:141,PlanetStatsSystem.sync
FNDA:1,PlanetStatsSystem.sync
FN:143,PlanetStatsSystem.getNonce
FNDA:4,PlanetStatsSystem.getNonce
DA:144,4
DA:144,4
DA:145,4
DA:145,4
DA:146,4
DA:146,4
FN:149,PlanetStatsSystem.activateEntity
FNDA:8,PlanetStatsSystem.activateEntity
DA:152,8
DA:152,8
DA:152,8
DA:153,8
DA:153,8
DA:153,8
BRDA:153,4,0,-
BRDA:153,4,1,8
DA:154,0
DA:154,0
DA:158,8
DA:158,8
DA:158,8
DA:160,8
DA:160,8
DA:165,8
DA:165,8
DA:165,8
FN:168,PlanetStatsSystem.getId
FNDA:1,PlanetStatsSystem.getId
DA:169,1
DA:169,1
FN:172,PlanetStatsSystem.checkSkill
FNDA:2,PlanetStatsSystem.checkSkill
DA:179,2
DA:179,2
DA:179,2
DA:182,2
DA:182,2
BRDA:182,5,0,-
BRDA:182,5,1,2
DA:183,0
DA:183,0
DA:187,2
DA:187,2
DA:188,2
DA:188,2
FN:196,PlanetStatsSystem.boostSkill
FNDA:2,PlanetStatsSystem.boostSkill
DA:205,2
DA:205,2
DA:205,2
DA:205,2
DA:205,1
BRDA:204,6,0,1
BRDA:204,6,1,1
DA:207,1
DA:207,1
DA:210,1
DA:210,1
DA:210,1
DA:221,1
DA:221,1
FNF:12
FNH:12
LF:62
LH:60
BRF:14
BRH:11
end_of_record
TN:
SF:src/systems/QuestSystem.sol
FN:16,QuestSystem.registerSystem
FNDA:0,QuestSystem.registerSystem
DA:17,0
BRDA:17,0,0,-
BRDA:17,0,1,-
DA:18,0
DA:18,0
DA:20,0
DA:20,0
DA:21,0
DA:21,0
FN:26,QuestSystem.init
FNDA:0,QuestSystem.init
FN:32,QuestSystem.sync
FNDA:0,QuestSystem.sync
FN:34,QuestSystem.activateEntity
FNDA:0,QuestSystem.activateEntity
DA:37,0
DA:37,0
DA:37,0
FN:40,QuestSystem.getId
FNDA:0,QuestSystem.getId
DA:41,0
DA:41,0
FNF:5
FNH:0
LF:6
LH:0
BRF:2
BRH:0
end_of_record
TN:
SF:src/systems/SupplySystem.sol
FN:19,SupplySystem.
FNDA:0,SupplySystem.
DA:20,0
DA:20,0
FN:26,SupplySystem.registerSystem
FNDA:0,SupplySystem.registerSystem
DA:27,0
BRDA:27,0,0,-
BRDA:27,0,1,-
DA:28,0
DA:28,0
DA:30,0
DA:30,0
DA:31,0
DA:31,0
FN:40,SupplySystem.init
FNDA:0,SupplySystem.init
FN:46,SupplySystem.sync
FNDA:0,SupplySystem.sync
FN:48,SupplySystem.activateEntity
FNDA:0,SupplySystem.activateEntity
DA:51,0
DA:51,0
DA:51,0
DA:52,0
DA:52,0
DA:52,0
BRDA:52,1,0,-
BRDA:52,1,1,-
DA:53,0
DA:53,0
DA:57,0
DA:57,0
DA:57,0
DA:59,0
DA:59,0
DA:61,0
DA:61,0
DA:61,0
FN:64,SupplySystem.mint
FNDA:0,SupplySystem.mint
DA:70,0
DA:70,0
DA:70,0
DA:74,0
DA:74,0
DA:74,0
DA:76,0
DA:76,0
FN:79,SupplySystem.burn
FNDA:0,SupplySystem.burn
DA:85,0
DA:85,0
DA:85,0
DA:89,0
DA:89,0
DA:89,0
DA:91,0
DA:91,0
FN:94,SupplySystem.deployToken
FNDA:0,SupplySystem.deployToken
DA:99,0
DA:99,0
DA:99,0
BRDA:99,2,0,-
BRDA:99,2,1,-
DA:100,0
DA:100,0
DA:103,0
DA:103,0
DA:103,0
DA:111,0
DA:111,0
DA:111,0
DA:119,0
DA:119,0
DA:120,0
DA:120,0
FN:123,SupplySystem.getId
FNDA:0,SupplySystem.getId
DA:124,0
DA:124,0
FNF:9
FNH:0
LF:24
LH:0
BRF:6
BRH:0
end_of_record
TN:
SF:src/systems/SystemController.sol
FN:18,SystemController.
FNDA:0,SystemController.
FN:22,SystemController.setScenarioFactory
FNDA:0,SystemController.setScenarioFactory
DA:23,0
DA:23,0
FN:26,SystemController.registerSystem
FNDA:0,SystemController.registerSystem
DA:27,0
DA:27,0
DA:28,0
DA:28,0
DA:29,0
DA:29,0
FN:36,SystemController.initAll
FNDA:0,SystemController.initAll
DA:40,0
DA:40,0
DA:40,0
DA:43,0
DA:43,0
DA:43,0
DA:43,0
DA:44,0
DA:44,0
DA:46,0
DA:46,0
DA:46,0
DA:46,0
DA:52,0
DA:52,0
FN:57,SystemController.syncAll
FNDA:0,SystemController.syncAll
DA:58,0
DA:58,0
DA:58,0
DA:58,0
DA:59,0
DA:59,0
FN:63,SystemController.getSystem
FNDA:0,SystemController.getSystem
DA:64,0
DA:64,0
FN:67,SystemController.getSystems
FNDA:0,SystemController.getSystems
DA:68,0
DA:68,0
FN:71,SystemController.isSystem
FNDA:0,SystemController.isSystem
DA:72,0
DA:72,0
DA:72,0
DA:72,0
DA:73,0
DA:73,0
DA:73,0
BRDA:73,0,0,-
BRDA:73,0,1,-
DA:74,0
DA:74,0
DA:77,0
DA:77,0
FN:80,SystemController.activateEntities
FNDA:0,SystemController.activateEntities
DA:83,0
DA:83,0
DA:83,0
DA:88,0
DA:88,0
DA:88,0
DA:88,0
DA:89,0
DA:89,0
DA:91,0
DA:91,0
FN:95,SystemController.onlyToken
FNDA:0,SystemController.onlyToken
DA:96,0
DA:96,0
BRDA:96,1,0,-
BRDA:96,1,1,-
FN:103,SystemController.setTokenAddress
FNDA:0,SystemController.setTokenAddress
DA:104,0
DA:104,0
FNF:11
FNH:0
LF:23
LH:0
BRF:4
BRH:0
end_of_record
TN:
SF:src/systems/UpgradesSystem.sol
FN:24,UpgradesSystem.
FNDA:0,UpgradesSystem.
FN:29,UpgradesSystem.registerSystem
FNDA:9,UpgradesSystem.registerSystem
DA:30,9
BRDA:30,0,0,1
BRDA:30,0,1,8
DA:31,1
DA:31,1
DA:33,8
DA:33,8
DA:34,8
DA:34,8
FN:75,UpgradesSystem.addUpgrade
FNDA:3,UpgradesSystem.addUpgrade
DA:83,2
DA:83,2
BRDA:83,1,0,-
BRDA:83,1,1,2
DA:87,2
DA:87,2
BRDA:87,2,0,-
BRDA:87,2,1,2
DA:92,2
DA:92,2
DA:92,2
DA:102,2
DA:102,2
FN:105,UpgradesSystem.purchaseUpgrade
FNDA:1,UpgradesSystem.purchaseUpgrade
DA:110,1
DA:110,1
FN:113,UpgradesSystem.init
FNDA:1,UpgradesSystem.init
FN:119,UpgradesSystem.sync
FNDA:1,UpgradesSystem.sync
FN:121,UpgradesSystem.getAppliedUpgrades
FNDA:1,UpgradesSystem.getAppliedUpgrades
DA:124,1
DA:124,1
FN:127,UpgradesSystem.getAllUpgrades
FNDA:1,UpgradesSystem.getAllUpgrades
DA:129,1
DA:129,1
FN:132,UpgradesSystem.activateEntity
FNDA:1,UpgradesSystem.activateEntity
DA:135,1
DA:135,1
DA:135,1
FN:138,UpgradesSystem.getId
FNDA:1,UpgradesSystem.getId
DA:139,1
DA:139,1
FNF:10
FNH:9
LF:13
LH:13
BRF:6
BRH:4
end_of_record
TN:
SF:src/tokens/Planet.sol
FN:22,Planet.
FNDA:0,Planet.
DA:30,0
DA:30,0
FN:33,Planet.mint
FNDA:0,Planet.mint
DA:34,0
DA:34,0
BRDA:34,0,0,-
BRDA:34,0,1,-
DA:34,0
DA:35,0
DA:35,0
FN:38,Planet._mint
FNDA:0,Planet._mint
DA:39,0
DA:39,0
DA:40,0
DA:40,0
DA:41,0
DA:41,0
DA:43,0
DA:43,0
FN:46,Planet.ownerOf
FNDA:0,Planet.ownerOf
DA:49,0
DA:49,0
DA:49,0
FN:52,Planet.tokenURI
FNDA:0,Planet.tokenURI
DA:55,0
DA:55,0
BRDA:55,1,0,-
BRDA:55,1,1,-
DA:55,0
DA:57,0
DA:57,0
DA:57,0
DA:68,0
DA:68,0
DA:69,0
DA:69,0
FN:77,Planet.contractURI
FNDA:0,Planet.contractURI
DA:78,0
DA:78,0
DA:78,0
DA:88,0
DA:88,0
DA:89,0
DA:89,0
FN:97,Planet.getMintPrice
FNDA:0,Planet.getMintPrice
DA:98,0
DA:98,0
FN:101,Planet.setMintPrice
FNDA:0,Planet.setMintPrice
DA:102,0
DA:102,0
FNF:8
FNH:0
LF:17
LH:0
BRF:4
BRH:0
end_of_record
TN:
SF:src/tokens/SupplyToken.sol
FN:15,SupplyToken.
FNDA:0,SupplyToken.
FN:19,SupplyToken.initialize
FNDA:0,SupplyToken.initialize
DA:25,0
DA:25,0
BRDA:25,0,0,-
BRDA:25,0,1,-
DA:26,0
DA:26,0
DA:27,0
DA:27,0
DA:28,0
DA:28,0
DA:29,0
DA:29,0
DA:30,0
DA:30,0
FN:33,SupplyToken.name
FNDA:0,SupplyToken.name
DA:34,0
DA:34,0
FN:37,SupplyToken.symbol
FNDA:0,SupplyToken.symbol
DA:38,0
DA:38,0
FN:41,SupplyToken.mint
FNDA:0,SupplyToken.mint
DA:54,0
DA:54,0
FN:57,SupplyToken.burn
FNDA:0,SupplyToken.burn
DA:58,0
DA:58,0
FN:61,SupplyToken.onlySystemAndAdmin
FNDA:0,SupplyToken.onlySystemAndAdmin
DA:63,0
DA:63,0
DA:63,0
DA:63,0
DA:64,0
DA:64,0
DA:64,0
BRDA:62,1,0,-
BRDA:62,1,1,-
DA:66,0
DA:66,0
FNF:7
FNH:0
LF:13
LH:0
BRF:4
BRH:0
end_of_record
TN:
SF:src/tokens/SupplyTokenFactory.sol
FN:19,SupplyTokenFactory.
FNDA:0,SupplyTokenFactory.
DA:20,0
DA:20,0
BRDA:20,0,0,-
BRDA:20,0,1,-
DA:21,0
DA:21,0
FN:24,SupplyTokenFactory.createSupplyToken
FNDA:0,SupplyTokenFactory.createSupplyToken
DA:33,0
DA:33,0
DA:33,0
DA:36,0
DA:36,0
DA:39,0
DA:39,0
DA:42,0
DA:42,0
FNF:2
FNH:0
LF:6
LH:0
BRF:2
BRH:0
end_of_record
TN:
SF:src/tokens/interfaces/Renderable721.sol
FN:12,Renderable721.
FNDA:0,Renderable721.
DA:13,0
DA:13,0
FN:16,Renderable721.generateCharacter
FNDA:0,Renderable721.generateCharacter
DA:19,0
DA:19,0
DA:19,0
DA:21,0
DA:21,0
DA:22,0
DA:22,0
FN:30,Renderable721.generateSVG
FNDA:0,Renderable721.generateSVG
DA:31,0
DA:31,0
DA:31,0
FN:34,Renderable721.addRenderer
FNDA:0,Renderable721.addRenderer
DA:35,0
DA:35,0
DA:36,0
DA:36,0
FN:39,Renderable721.selectRenderer
FNDA:0,Renderable721.selectRenderer
DA:40,0
DA:40,0
DA:40,0
BRDA:40,0,0,-
BRDA:40,0,1,-
DA:40,0
DA:41,0
DA:41,0
BRDA:41,1,0,-
BRDA:41,1,1,-
DA:41,0
DA:42,0
DA:42,0
FNF:5
FNH:0
LF:10
LH:0
BRF:4
BRH:0
end_of_record
TN:
SF:test/JobSystem.t.sol
FN:17,TestJobSystem.setUp
FNDA:0,TestJobSystem.setUp
DA:18,0
DA:18,0
DA:19,0
DA:19,0
DA:21,0
DA:21,0
DA:21,0
DA:22,0
DA:22,0
DA:25,0
DA:25,0
FNF:1
FNH:0
LF:5
LH:0
BRF:0
BRH:0
end_of_record
TN:
SF:test/UpgradesSystem.t.sol
FN:11,MockScenario2.
FNDA:16,MockScenario2.
DA:12,8
DA:12,8
FN:14,MockScenario2.getEntity
FNDA:0,MockScenario2.getEntity
DA:15,0
DA:15,0
DA:15,0
FN:17,MockScenario2.getAdmin
FNDA:0,MockScenario2.getAdmin
DA:18,0
DA:18,0
FNF:3
FNH:1
LF:3
LH:1
BRF:0
BRH:0
end_of_record
TN:
SF:test/mocks/MockScenario.sol
FN:12,MockScenario.
FNDA:24,MockScenario.
DA:13,8
DA:13,8
FN:16,MockScenario.getEntity
FNDA:12,MockScenario.getEntity
DA:19,12
DA:19,12
FN:22,MockScenario.setEntity
FNDA:8,MockScenario.setEntity
DA:23,8
DA:23,8
FN:26,MockScenario.getAdmin
FNDA:14,MockScenario.getAdmin
DA:27,14
DA:27,14
FNF:4
FNH:4
LF:4
LH:4
BRF:0
BRH:0
end_of_record
